------Start of DE processing------ = [12/03/2021, 12:12:58:711 GMT-05:00]
Exception = java.io.FileNotFoundException
Source = com.ibm.ws.config.admin.internal.ConfigurationStore
probeid = 282
Stack Dump = java.io.FileNotFoundException: /Users/griffinhadfield/repos/draft-guide-okd-crc/finish/inventory/target/liberty/wlp/usr/servers/defaultServer/workarea/org.eclipse.osgi/9/data/configs.data (No such file or directory)
	at java.base/java.io.FileOutputStream.open0(Native Method)
	at java.base/java.io.FileOutputStream.open(FileOutputStream.java:292)
	at java.base/java.io.FileOutputStream.<init>(FileOutputStream.java:235)
	at com.ibm.ws.config.admin.internal.ConfigurationStorageHelper.store(ConfigurationStorageHelper.java:151)
	at com.ibm.ws.config.admin.internal.ConfigurationStore.saveConfigurationDatas(ConfigurationStore.java:223)
	at com.ibm.ws.config.admin.internal.ConfigurationStore.run(ConfigurationStore.java:281)
	at java.base/java.util.concurrent.Executors$RunnableAdapter.call(Executors.java:515)
	at java.base/java.util.concurrent.FutureTask.run(FutureTask.java:264)
	at java.base/java.util.concurrent.ScheduledThreadPoolExecutor$ScheduledFutureTask.run(ScheduledThreadPoolExecutor.java:304)
	at java.base/java.util.concurrent.ThreadPoolExecutor.runWorker(ThreadPoolExecutor.java:1128)
	at java.base/java.util.concurrent.ThreadPoolExecutor$Worker.run(ThreadPoolExecutor.java:628)
	at java.base/java.lang.Thread.run(Thread.java:830)

Dump of callerThis
Object type = com.ibm.ws.config.admin.internal.ConfigurationStore
  tc = class com.ibm.websphere.ras.TraceComponent@6b3a8eb0
    strings[0] = "TraceComponent[com.ibm.ws.config.admin.internal.ConfigurationStore,class com.ibm.ws.config.admin.internal.ConfigurationStore,[config],com.ibm.ws.config.internal.resources.ConfigMessages,null]"
  caFactory = class com.ibm.ws.config.admin.internal.ConfigAdminServiceFactory@c52b068
    tc = class com.ibm.websphere.ras.TraceComponent@15c18234
      strings[0] = "TraceComponent[com.ibm.ws.config.admin.internal.ConfigAdminServiceFactory,class com.ibm.ws.config.admin.internal.ConfigAdminServiceFactory,[config],com.ibm.ws.config.internal.resources.ConfigMessages,null]"
    configurationPermission = class org.osgi.service.cm.ConfigurationPermission@5d8449d1
      serialVersionUID = 5716868734811965383
      CONFIGURE = "configure"
      TARGET = "target"
      ATTRIBUTE = "attribute"
      ACTION_CONFIGURE = 1
      ACTION_TARGET = 2
      ACTION_ATTRIBUTE = 4
      ACTION_ALL = 7
      ACTION_NONE = 0
      action_mask = 1
      actions = null
      substrings = class java.util.ArrayList@7c7c9ee4
      serialVersionUID = "/* Could not access serialVersionUID */"
      wildcard = "/* Could not access wildcard */"
      path = "/* Could not access path */"
      exitVM = "/* Could not access exitVM */"
      serialVersionUID = "/* Could not access serialVersionUID */"
      name = "/* Could not access name */"
    INDEX_DICTIONARY = 0
    INDEX_LOCATION = 1
    INDEX_METATYPE_PROCESSED = 2
    INDEX_IN_OVERRIDES_FILE = 3
    INDEX_REFERENCES = 4
    INDEX_UNIQUES = 5
    bundleContext = class org.eclipse.osgi.internal.framework.BundleContextImpl@6ccb2c90
      findHookName = "org.osgi.framework.hooks.bundle.FindHook"
      valid = true
      bundle = class org.eclipse.osgi.internal.framework.EquinoxBundle@760f50d4
      container = class org.eclipse.osgi.internal.framework.EquinoxContainer@3cf3d53e
      debug = class org.eclipse.osgi.internal.debug.Debug@6167e2ec
      servicesInUse = class java.util.HashMap@140106b5
      activator = class com.ibm.ws.config.internal.WSConfigActivator@1aa387d3
      contextLock = class java.lang.Object@1623e781
    msTracker = class com.ibm.ws.config.admin.internal.ManagedServiceTracker@538e0978
      ME = "com.ibm.ws.config.admin.internal.ManagedServiceTracker"
      tc = class com.ibm.websphere.ras.TraceComponent@21bd881
      caFactory = class com.ibm.ws.config.admin.internal.ConfigAdminServiceFactory@c52b068
      managedServices = class java.util.HashMap@af714ef
      managedServiceReferences = class java.util.HashMap@12e430eb
      serialVersionUID = -1361093010813248208
      DEBUG = false
      context = class org.eclipse.osgi.internal.framework.BundleContextImpl@6ccb2c90
      filter = class org.eclipse.osgi.internal.framework.FilterImpl$Equal@1912f7d9
      customizer = class com.ibm.ws.config.admin.internal.ManagedServiceTracker@538e0978
      listenerFilter = "(objectClass=org.osgi.service.cm.ManagedService)"
      trackClass = "org.osgi.service.cm.ManagedService"
      trackReference = null
      tracked = class org.osgi.util.tracker.ServiceTracker$Tracked@153337f9
      cachedReference = null
      cachedService = null
    msfTracker = class com.ibm.ws.config.admin.internal.ManagedServiceFactoryTracker@2e95c561
      ME = "com.ibm.ws.config.admin.internal.ManagedServiceFactoryTracker"
      tc = class com.ibm.websphere.ras.TraceComponent@244cacd7
      caFactory = class com.ibm.ws.config.admin.internal.ConfigAdminServiceFactory@c52b068
      managedServiceFactories = class java.util.HashMap@70473bc8
      managedServiceFactoryReferences = class java.util.HashMap@3be2914c
      serialVersionUID = -2719224650925081263
      DEBUG = false
      context = class org.eclipse.osgi.internal.framework.BundleContextImpl@6ccb2c90
      filter = class org.eclipse.osgi.internal.framework.FilterImpl$Equal@733f8a3f
      customizer = class com.ibm.ws.config.admin.internal.ManagedServiceFactoryTracker@2e95c561
      listenerFilter = "(objectClass=org.osgi.service.cm.ManagedServiceFactory)"
      trackClass = "org.osgi.service.cm.ManagedServiceFactory"
      trackReference = null
      tracked = class org.osgi.util.tracker.ServiceTracker$Tracked@35ac7ae2
      cachedReference = null
      cachedService = null
    pluginManager = class com.ibm.ws.config.admin.internal.PluginManager@b6c3291
      pluginTracker = class com.ibm.ws.config.admin.internal.PluginManager$PluginTracker@39939360
      serialVersionUID = -8398978898050816134
      $$$tc$$$ = class com.ibm.websphere.ras.TraceComponent@71d1892
    configurationStore = class com.ibm.ws.config.admin.internal.ConfigurationStore@29515d1c
    updateQueue = class com.ibm.ws.config.admin.internal.UpdateQueue@74d938ec
      tc = class com.ibm.websphere.ras.TraceComponent@636e5578
      threadPool = class java.util.concurrent.ScheduledThreadPoolExecutor@533b08d6
      queues = class com.ibm.ws.config.admin.internal.UpdateQueue$Queue[4]
      serialVersionUID = -1595708622468130151
    ced = class com.ibm.ws.config.admin.internal.ConfigEventDispatcher@57bf3ac6
      ME = "com.ibm.ws.config.admin.internal.ConfigEventDispatcher"
      tc = class com.ibm.websphere.ras.TraceComponent@2eeac9ba
      st = class org.osgi.util.tracker.ServiceTracker@275119dc
      configAdminReference = class org.eclipse.osgi.internal.serviceregistry.ServiceReferenceImpl@43970c4c
      caFactory = class com.ibm.ws.config.admin.internal.ConfigAdminServiceFactory@c52b068
      serialVersionUID = 7387440399302146247
    idMap = class java.util.Collections$SynchronizedMap@5701539d
      serialVersionUID = "/* Could not access serialVersionUID */"
      m = "/* Could not access m */"
      mutex = "/* Could not access mutex */"
      keySet = "/* Could not access keySet */"
      entrySet = "/* Could not access entrySet */"
      values = "/* Could not access values */"
    referenceMap = class java.util.Collections$SynchronizedMap@3d930b56
      serialVersionUID = "/* Could not access serialVersionUID */"
      m = "/* Could not access m */"
      mutex = "/* Could not access mutex */"
      keySet = "/* Could not access keySet */"
      entrySet = "/* Could not access entrySet */"
      values = "/* Could not access values */"
    variableRegistryTracker = class org.osgi.util.tracker.ServiceTracker@305a50
      DEBUG = false
      context = class org.eclipse.osgi.internal.framework.BundleContextImpl@6ccb2c90
      filter = class org.eclipse.osgi.internal.framework.FilterImpl$Equal@2e77399a
      customizer = class org.osgi.util.tracker.ServiceTracker@305a50
      listenerFilter = "(objectClass=com.ibm.wsspi.kernel.service.location.VariableRegistry)"
      trackClass = "com.ibm.wsspi.kernel.service.location.VariableRegistry"
      trackReference = null
      tracked = class org.osgi.util.tracker.ServiceTracker$Tracked@73371a72
      cachedReference = class org.eclipse.osgi.internal.serviceregistry.ServiceReferenceImpl@56db76f9
      cachedService = class com.ibm.ws.kernel.service.location.internal.VariableRegistryHelper@661882e3
    variableRegistry = class com.ibm.ws.kernel.service.location.internal.VariableRegistryHelper@661882e3
      registry = class com.ibm.ws.kernel.service.location.internal.SymbolRegistry@145c97c
      serialVersionUID = 6631204287320083732
      $$$tc$$$ = class com.ibm.websphere.ras.TraceComponent@163f5f68
    configurationAdminRef = class org.eclipse.osgi.internal.serviceregistry.ServiceRegistrationImpl@65466349
      registry = class org.eclipse.osgi.internal.serviceregistry.ServiceRegistry@44173059
      context = class org.eclipse.osgi.internal.framework.BundleContextImpl@6ccb2c90
      bundle = class org.eclipse.osgi.internal.framework.EquinoxBundle@760f50d4
      clazzes = class java.lang.String[1]
      service = class com.ibm.ws.config.admin.internal.ConfigAdminServiceFactory@c52b068
      reference = class org.eclipse.osgi.internal.serviceregistry.ServiceReferenceImpl@43970c4c
      contextsUsing = class java.util.ArrayList@8387ac6
      properties = class java.util.Collections$UnmodifiableMap@559b986
      serviceid = 44
      serviceranking = 0
      registrationLock = class java.lang.Object@bc9a391
      state = 0
      REGISTERED = 0
      UNREGISTERING = 1
      UNREGISTERED = 2
      FRAMEWORK_SET_SERVICE_PROPERTIES_COUNT = 4
      $assertionsDisabled = true
    serialVersionUID = 6695202270027014725
  configurations = class java.util.HashMap@473fb525
    serialVersionUID = "/* Could not access serialVersionUID */"
    DEFAULT_INITIAL_CAPACITY = "/* Could not access DEFAULT_INITIAL_CAPACITY */"
    MAXIMUM_CAPACITY = "/* Could not access MAXIMUM_CAPACITY */"
    DEFAULT_LOAD_FACTOR = "/* Could not access DEFAULT_LOAD_FACTOR */"
    TREEIFY_THRESHOLD = "/* Could not access TREEIFY_THRESHOLD */"
    UNTREEIFY_THRESHOLD = "/* Could not access UNTREEIFY_THRESHOLD */"
    MIN_TREEIFY_CAPACITY = "/* Could not access MIN_TREEIFY_CAPACITY */"
    table = "/* Could not access table */"
    entrySet = "/* Could not access entrySet */"
    size = "/* Could not access size */"
    modCount = "/* Could not access modCount */"
    threshold = "/* Could not access threshold */"
    loadFactor = "/* Could not access loadFactor */"
    keySet = "/* Could not access keySet */"
    values = "/* Could not access values */"
  configCount = 17
  persistentConfig = class java.io.File@5d7a7fd6
    fs = "/* Could not access fs */"
    path = "/* Could not access path */"
    status = "/* Could not access status */"
    prefixLength = "/* Could not access prefixLength */"
    separatorChar = /
    separator = "/"
    pathSeparatorChar = :
    pathSeparator = ":"
    UNSAFE = "/* Could not access UNSAFE */"
    PATH_OFFSET = "/* Could not access PATH_OFFSET */"
    PREFIX_LENGTH_OFFSET = "/* Could not access PREFIX_LENGTH_OFFSET */"
    serialVersionUID = "/* Could not access serialVersionUID */"
    filePath = "/* Could not access filePath */"
    $assertionsDisabled = "/* Could not access $assertionsDisabled */"
  saveMonitor = class java.util.concurrent.locks.ReentrantLock@7ee070d8
    serialVersionUID = "/* Could not access serialVersionUID */"
    sync = "/* Could not access sync */"
  saveTask = null
  shutdown = false
  storeMonitor = class java.util.concurrent.locks.ReentrantReadWriteLock@67a85e9c
    serialVersionUID = "/* Could not access serialVersionUID */"
    readerLock = "/* Could not access readerLock */"
    writerLock = "/* Could not access writerLock */"
    sync = "/* Could not access sync */"
  serialVersionUID = -5542992233292865756

